יונ 27, 2019 2:53:24 PM Logger.LogFile logging
INFO: 2019-06-27 , 14:53:  Server listening for connections on port 5550
2019-06-27 , 14:53:  SQL connection succeed
2019-06-27 , 14:53:  2019-06-27 , 14:53:  Schema already exists

2019-06-27 , 14:53:  Obtaining information about subscription and sending renew notifications
2019-06-27 , 14:53:  No users with subscription running out
2019-06-27 , 14:53:  will check renews once again tomorrow

יונ 27, 2019 2:53:29 PM Logger.LogFile logging
INFO: 2019-06-27 , 14:53:  Server listening for connections on port 5550
2019-06-27 , 14:53:  SQL connection succeed
2019-06-27 , 14:53:  2019-06-27 , 14:53:  Schema already exists

2019-06-27 , 14:53:  Obtaining information about subscription and sending renew notifications
2019-06-27 , 14:53:  No users with subscription running out
2019-06-27 , 14:53:  will check renews once again tomorrow

יונ 27, 2019 2:53:34 PM Logger.LogFile logging
INFO: 2019-06-27 , 14:53:  Server listening for connections on port 5550
2019-06-27 , 14:53:  SQL connection succeed
2019-06-27 , 14:53:  2019-06-27 , 14:53:  Schema already exists

2019-06-27 , 14:53:  Obtaining information about subscription and sending renew notifications
2019-06-27 , 14:53:  No users with subscription running out
2019-06-27 , 14:53:  will check renews once again tomorrow

יונ 27, 2019 2:53:39 PM Logger.LogFile logging
INFO: 2019-06-27 , 14:53:  Server listening for connections on port 5550
2019-06-27 , 14:53:  SQL connection succeed
2019-06-27 , 14:53:  2019-06-27 , 14:53:  Schema already exists

2019-06-27 , 14:53:  Obtaining information about subscription and sending renew notifications
2019-06-27 , 14:53:  No users with subscription running out
2019-06-27 , 14:53:  will check renews once again tomorrow

יונ 27, 2019 2:53:44 PM Logger.LogFile logging
INFO: 2019-06-27 , 14:53:  Server listening for connections on port 5550
2019-06-27 , 14:53:  SQL connection succeed
2019-06-27 , 14:53:  2019-06-27 , 14:53:  Schema already exists

2019-06-27 , 14:53:  Obtaining information about subscription and sending renew notifications
2019-06-27 , 14:53:  No users with subscription running out
2019-06-27 , 14:53:  will check renews once again tomorrow

יונ 27, 2019 2:53:49 PM Logger.LogFile logging
INFO: 2019-06-27 , 14:53:  Server listening for connections on port 5550
2019-06-27 , 14:53:  SQL connection succeed
2019-06-27 , 14:53:  2019-06-27 , 14:53:  Schema already exists

2019-06-27 , 14:53:  Obtaining information about subscription and sending renew notifications
2019-06-27 , 14:53:  No users with subscription running out
2019-06-27 , 14:53:  will check renews once again tomorrow

יונ 27, 2019 2:53:54 PM Logger.LogFile logging
INFO: 2019-06-27 , 14:53:  Server listening for connections on port 5550
2019-06-27 , 14:53:  SQL connection succeed
2019-06-27 , 14:53:  2019-06-27 , 14:53:  Schema already exists

2019-06-27 , 14:53:  Obtaining information about subscription and sending renew notifications
2019-06-27 , 14:53:  No users with subscription running out
2019-06-27 , 14:53:  will check renews once again tomorrow

יונ 27, 2019 2:53:59 PM Logger.LogFile logging
INFO: 2019-06-27 , 14:53:  Server listening for connections on port 5550
2019-06-27 , 14:53:  SQL connection succeed
2019-06-27 , 14:53:  2019-06-27 , 14:53:  Schema already exists

2019-06-27 , 14:53:  Obtaining information about subscription and sending renew notifications
2019-06-27 , 14:53:  No users with subscription running out
2019-06-27 , 14:53:  will check renews once again tomorrow

יונ 27, 2019 2:54:04 PM Logger.LogFile logging
INFO: 2019-06-27 , 14:53:  Server listening for connections on port 5550
2019-06-27 , 14:53:  SQL connection succeed
2019-06-27 , 14:53:  2019-06-27 , 14:53:  Schema already exists

2019-06-27 , 14:53:  Obtaining information about subscription and sending renew notifications
2019-06-27 , 14:53:  No users with subscription running out
2019-06-27 , 14:53:  will check renews once again tomorrow

יונ 27, 2019 2:54:09 PM Logger.LogFile logging
INFO: 2019-06-27 , 14:53:  Server listening for connections on port 5550
2019-06-27 , 14:53:  SQL connection succeed
2019-06-27 , 14:53:  2019-06-27 , 14:53:  Schema already exists

2019-06-27 , 14:53:  Obtaining information about subscription and sending renew notifications
2019-06-27 , 14:53:  No users with subscription running out
2019-06-27 , 14:53:  will check renews once again tomorrow

יונ 27, 2019 2:54:14 PM Logger.LogFile logging
INFO: 2019-06-27 , 14:53:  Server listening for connections on port 5550
2019-06-27 , 14:53:  SQL connection succeed
2019-06-27 , 14:53:  2019-06-27 , 14:53:  Schema already exists

2019-06-27 , 14:53:  Obtaining information about subscription and sending renew notifications
2019-06-27 , 14:53:  No users with subscription running out
2019-06-27 , 14:53:  will check renews once again tomorrow

יונ 27, 2019 2:54:19 PM Logger.LogFile logging
INFO: 2019-06-27 , 14:53:  Server listening for connections on port 5550
2019-06-27 , 14:53:  SQL connection succeed
2019-06-27 , 14:53:  2019-06-27 , 14:53:  Schema already exists

2019-06-27 , 14:53:  Obtaining information about subscription and sending renew notifications
2019-06-27 , 14:53:  No users with subscription running out
2019-06-27 , 14:53:  will check renews once again tomorrow

יונ 27, 2019 2:54:24 PM Logger.LogFile logging
INFO: 2019-06-27 , 14:53:  Server listening for connections on port 5550
2019-06-27 , 14:53:  SQL connection succeed
2019-06-27 , 14:53:  2019-06-27 , 14:53:  Schema already exists

2019-06-27 , 14:53:  Obtaining information about subscription and sending renew notifications
2019-06-27 , 14:53:  No users with subscription running out
2019-06-27 , 14:53:  will check renews once again tomorrow

יונ 27, 2019 2:54:29 PM Logger.LogFile logging
INFO: 2019-06-27 , 14:53:  Server listening for connections on port 5550
2019-06-27 , 14:53:  SQL connection succeed
2019-06-27 , 14:53:  2019-06-27 , 14:53:  Schema already exists

2019-06-27 , 14:53:  Obtaining information about subscription and sending renew notifications
2019-06-27 , 14:53:  No users with subscription running out
2019-06-27 , 14:53:  will check renews once again tomorrow

יונ 27, 2019 2:54:34 PM Logger.LogFile logging
INFO: 2019-06-27 , 14:53:  Server listening for connections on port 5550
2019-06-27 , 14:53:  SQL connection succeed
2019-06-27 , 14:53:  2019-06-27 , 14:53:  Schema already exists

2019-06-27 , 14:53:  Obtaining information about subscription and sending renew notifications
2019-06-27 , 14:53:  No users with subscription running out
2019-06-27 , 14:53:  will check renews once again tomorrow

